<?xml version="1.0" encoding="UTF-8"?>
<!-- Generated by org.testng.reporters.JUnitReportReporter -->
<testsuite hostname="Saurabhs-MacBook-Pro.local" failures="0" tests="2" name="org.example.AppTest" time="8.477" errors="0" timestamp="2023-04-07T11:59:08 IST" skipped="0">
  <testcase classname="org.example.AppTest" name="gitHubLogin" time="4.357"/>
  <system-out/>
  <testcase classname="org.example.AppTest" name="gitHubLogin" time="4.120"/>
  <system-out/>
</testsuite> <!-- org.example.AppTest -->
