<?xml version="1.0" encoding="UTF-8"?>
<!-- Generated by org.testng.reporters.JUnitReportReporter -->
<testsuite hostname="Saurabhs-MacBook-Pro.local" failures="0" tests="2" name="org.example.AppTest" time="4.478" errors="0" timestamp="2023-04-07T10:33:10 IST" skipped="0">
  <testcase classname="org.example.AppTest" name="gitHubLogin" time="2.297"/>
  <system-out/>
  <testcase classname="org.example.AppTest" name="gitHubLogin" time="2.181"/>
  <system-out/>
</testsuite> <!-- org.example.AppTest -->
